<?xml version="1.0" encoding="UTF-8"?>
<!-- Generated by org.testng.reporters.JUnitXMLReporter -->
<testsuite ignored="0" hostname="DESKTOP-HB7U12M" failures="0" tests="4" name="Default test" time="34.221" errors="0" timestamp="2023-06-28T17:22:15 GST">
  <testcase classname="testng.Categories" name="loginSite" time="4.919"/>
  <testcase classname="testng.Categories" name="categoriesAdd" time="6.706"/>
  <testcase classname="testng.Categories" name="categoriesEdit" time="3.556"/>
  <testcase classname="testng.Categories" name="categoriesDelete" time="5.156"/>
</testsuite> <!-- Default test -->
