<?xml version="1.0" encoding="UTF-8"?>
<!-- Generated by org.testng.reporters.JUnitXMLReporter -->
<testsuite ignored="3" hostname="DESKTOP-HB7U12M" failures="0" tests="5" name="Test" time="81.591" errors="0" timestamp="2023-06-28T12:13:37 GST">
  <testcase classname="testng.LoginPage" name="loginSite" time="27.151"/>
  <testcase classname="testng.Brands" name="loginSite" time="27.342"/>
  <testcase classname="testng.Brands" name="brandsAdd" time="7.509"/>
  <testcase classname="testng.Brands" name="brandsEdit" time="6.682"/>
  <testcase classname="testng.Brands" name="brandsDelete" time="12.496"/>
  <testcase classname="Utilities.WebDriverManager" name="@AfterSuite endTest" time="0.0">
    <ignored/>
  </testcase> <!-- @AfterSuite endTest -->
  <testcase classname="Utilities.WebDriverManager" name="@BeforeSuite setupSuite" time="0.0">
    <ignored/>
  </testcase> <!-- @BeforeSuite setupSuite -->
  <testcase classname="Utilities.WebDriverManager" name="@BeforeSuite startTest" time="0.0">
    <ignored/>
  </testcase> <!-- @BeforeSuite startTest -->
</testsuite> <!-- Test -->
