<?xml version="1.0" encoding="UTF-8"?>
<testng-results ignored="0" total="4" passed="4" failed="0" skipped="0">
  <reporter-output>
  </reporter-output>
  <suite started-at="2023-06-28T17:21:41 GST" name="Default suite" finished-at="2023-06-28T17:22:15 GST" duration-ms="34221">
    <groups>
      <group name="functional">
        <method signature="Categories.categoriesAdd()[pri:1, instance:testng.Categories@37654521]" name="categoriesAdd" class="testng.Categories"/>
        <method signature="Categories.loginSite(java.lang.String, java.lang.String)[pri:0, instance:testng.Categories@37654521]" name="loginSite" class="testng.Categories"/>
      </group> <!-- functional -->
      <group name="regression">
        <method signature="Categories.categoriesDelete()[pri:3, instance:testng.Categories@37654521]" name="categoriesDelete" class="testng.Categories"/>
        <method signature="Categories.categoriesEdit()[pri:2, instance:testng.Categories@37654521]" name="categoriesEdit" class="testng.Categories"/>
      </group> <!-- regression -->
    </groups>
    <test started-at="2023-06-28T17:21:41 GST" name="Default test" finished-at="2023-06-28T17:22:15 GST" duration-ms="34221">
      <class name="testng.Categories">
        <test-method is-config="true" signature="setupSuite(org.testng.ITestContext)[pri:0, instance:testng.Categories@37654521]" started-at="2023-06-28T17:21:41 GST" name="setupSuite" finished-at="2023-06-28T17:21:41 GST" duration-ms="16" status="PASS">
          <params>
            <param index="0">
              <value>
                <![CDATA[org.testng.TestRunner@4168f3d9]]>
              </value>
            </param>
          </params>
          <reporter-output>
          </reporter-output>
        </test-method> <!-- setupSuite -->
        <test-method is-config="true" signature="startTest()[pri:0, instance:testng.Categories@37654521]" started-at="2023-06-28T17:21:41 GST" name="startTest" finished-at="2023-06-28T17:21:41 GST" duration-ms="283" status="PASS">
          <reporter-output>
          </reporter-output>
        </test-method> <!-- startTest -->
        <test-method is-config="true" signature="beforeTest()[pri:0, instance:testng.Categories@37654521]" started-at="2023-06-28T17:21:41 GST" name="beforeTest" finished-at="2023-06-28T17:21:55 GST" duration-ms="13672" status="PASS">
          <reporter-output>
          </reporter-output>
        </test-method> <!-- beforeTest -->
        <test-method signature="loginSite(java.lang.String, java.lang.String)[pri:0, instance:testng.Categories@37654521]" started-at="2023-06-28T17:21:55 GST" name="loginSite" data-provider="logins" finished-at="2023-06-28T17:22:00 GST" duration-ms="4919" status="PASS">
          <params>
            <param index="0">
              <value>
                <![CDATA[admin]]>
              </value>
            </param>
            <param index="1">
              <value>
                <![CDATA[123123]]>
              </value>
            </param>
          </params>
          <reporter-output>
          </reporter-output>
        </test-method> <!-- loginSite -->
        <test-method signature="categoriesAdd()[pri:1, instance:testng.Categories@37654521]" started-at="2023-06-28T17:22:00 GST" name="categoriesAdd" finished-at="2023-06-28T17:22:07 GST" duration-ms="6706" status="PASS">
          <reporter-output>
          </reporter-output>
        </test-method> <!-- categoriesAdd -->
        <test-method signature="categoriesEdit()[pri:2, instance:testng.Categories@37654521]" started-at="2023-06-28T17:22:07 GST" name="categoriesEdit" finished-at="2023-06-28T17:22:10 GST" duration-ms="3556" status="PASS">
          <reporter-output>
          </reporter-output>
        </test-method> <!-- categoriesEdit -->
        <test-method signature="categoriesDelete()[pri:3, instance:testng.Categories@37654521]" started-at="2023-06-28T17:22:10 GST" name="categoriesDelete" finished-at="2023-06-28T17:22:15 GST" duration-ms="5156" status="PASS">
          <reporter-output>
          </reporter-output>
        </test-method> <!-- categoriesDelete -->
        <test-method is-config="true" signature="afterTest()[pri:0, instance:testng.Categories@37654521]" started-at="2023-06-28T17:22:15 GST" name="afterTest" finished-at="2023-06-28T17:22:15 GST" duration-ms="147" status="PASS">
          <reporter-output>
          </reporter-output>
        </test-method> <!-- afterTest -->
        <test-method is-config="true" signature="endTest()[pri:0, instance:testng.Categories@37654521]" started-at="2023-06-28T17:22:15 GST" name="endTest" finished-at="2023-06-28T17:22:16 GST" duration-ms="781" status="PASS">
          <reporter-output>
          </reporter-output>
        </test-method> <!-- endTest -->
      </class> <!-- testng.Categories -->
    </test> <!-- Default test -->
  </suite> <!-- Default suite -->
</testng-results>
