<?xml version="1.0" encoding="UTF-8"?>
<!-- Generated by org.testng.reporters.JUnitXMLReporter -->
<testsuite ignored="0" hostname="DESKTOP-HB7U12M" failures="0" tests="4" name="TestChrome" time="22.169" errors="0" timestamp="2023-06-21T18:00:04 GST">
  <testcase classname="testng.Product" name="loginSite" time="3.415"/>
  <testcase classname="testng.Product" name="productUnitAdd" time="5.627"/>
  <testcase classname="testng.Product" name="productUnitEdit" time="4.187"/>
  <testcase classname="testng.Product" name="productUnitDelete" time="2.528"/>
</testsuite> <!-- TestChrome -->
